[2025-06-16T09:22:21.604Z] Server listening on http://localhost:3000
[2025-06-16T09:22:31.256Z] [connect] _YVlu0CHxrZjPSVyAAAA
[2025-06-16T09:22:31.834Z] [disconnect] _YVlu0CHxrZjPSVyAAAA transport close
[2025-06-16T09:22:31.850Z] [connect] K5CRFZ2ILk40kq-eAAAB
[2025-06-16T09:22:44.564Z] [connect] v7vlzrKjpcMcPkHZAAAC
[2025-06-16T09:22:44.620Z] [subscribe] v7vlzrKjpcMcPkHZAAAC Basic RE9OMTJJTVdXMU01MTVVMzlBOmZiODFjYjAzLWI3NDktNGU3Ny05NTIyLTExM2I0Njc1MzA5Mg==
[2025-06-16T09:22:44.639Z] [subscribe] v7vlzrKjpcMcPkHZAAAC Basic RE9OMTJJTVdXMU01MTVVMzlBOmZiODFjYjAzLWI3NDktNGU3Ny05NTIyLTExM2I0Njc1MzA5Mg==
[2025-06-16T09:22:45.031Z] [disconnect] v7vlzrKjpcMcPkHZAAAC client namespace disconnect
[2025-06-16T09:22:45.095Z] [connect] Hg3B9jkDFzLok5IwAAAD
[2025-06-16T09:22:45.096Z] [connect] VNeDtOOVioqQDbFtAAAE
[2025-06-16T09:22:45.115Z] [subscribe] VNeDtOOVioqQDbFtAAAE Basic RE9OMTJJTVdXMU01MTVVMzlBOmZiODFjYjAzLWI3NDktNGU3Ny05NTIyLTExM2I0Njc1MzA5Mg==
[2025-06-16T09:22:45.169Z] [subscribe] VNeDtOOVioqQDbFtAAAE Basic RE9OMTJJTVdXMU01MTVVMzlBOmZiODFjYjAzLWI3NDktNGU3Ny05NTIyLTExM2I0Njc1MzA5Mg==
[2025-06-16T09:23:15.070Z] [disconnect] Hg3B9jkDFzLok5IwAAAD ping timeout
[2025-06-16T09:23:26.435Z] [UI] → broadcast balance_update {type: 'info', code: 200, text: 'welcome', data: null}
[2025-06-16T09:24:19.498Z] [UI] → broadcast balance_update {type: 'info', code: 200, text: 'welcome'}
[2025-06-16T09:25:00.338Z] [UI] → broadcast balance_update {type: 'info', code: 200, text: 'welcome', data: {'test': 2 }}
[2025-06-16T09:25:11.851Z] [UI] → broadcast balance_update {type: 'info', code: 200, text: 'welcome', data: {'test': 2 }}
[2025-06-16T09:25:20.114Z] [disconnect] VNeDtOOVioqQDbFtAAAE ping timeout
[2025-06-16T09:25:45.243Z] [connect] nX7P5Y0GasEbXt6nAAAF
[2025-06-16T09:25:49.132Z] [UI] → broadcast message {type: 'info', code: 200, text: 'welcome', data: {'test': 2 }}
[2025-06-16T09:25:55.087Z] [UI] → broadcast message {type: 'info', code: 200, text: 'welcome', data: {'test': 2 }}
[2025-06-16T09:26:01.927Z] [UI] → broadcast message {type: 'da', code: 200, text: 'welcome', data: {'test': 2 }}
[2025-06-16T09:26:07.859Z] [UI] → broadcast message {type: da, code: 200, text: 'welcome', data: {'test': 2 }}
[2025-06-16T09:32:52.066Z] [UI] → broadcast message {type: 'info', code: 200, text: 'welcome', data: {'test': 2 }}
[2025-06-16T09:33:02.804Z] [disconnect] nX7P5Y0GasEbXt6nAAAF transport close
[2025-06-16T09:33:07.802Z] [connect] hJqLLvLHYoqcGXayAAAG
[2025-06-16T09:33:07.858Z] [subscribe] hJqLLvLHYoqcGXayAAAG Basic RE9OMTJJTVdXMU01MTVVMzlBOmZiODFjYjAzLWI3NDktNGU3Ny05NTIyLTExM2I0Njc1MzA5Mg==
[2025-06-16T09:33:37.859Z] [disconnect] hJqLLvLHYoqcGXayAAAG ping timeout
[2025-06-16T09:34:31.454Z] [connect] ik_66_a7qIqVXsu5AAAH
[2025-06-16T09:34:51.138Z] Server listening on http://localhost:3000
[2025-06-16T09:34:51.172Z] [connect] yd0KjLx4y1r8HKjbAAAA
[2025-06-16T09:34:53.432Z] [connect] rsOTHAPUkhsZNkZqAAAB
[2025-06-16T09:35:00.312Z] [disconnect] rsOTHAPUkhsZNkZqAAAB transport close
[2025-06-16T09:35:23.315Z] [connect] PicfHDgqu0o_dNJ2AAAC
[2025-06-16T09:35:23.372Z] [subscribe] PicfHDgqu0o_dNJ2AAAC Basic RE9OMTJJTVdXMU01MTVVMzlBOjIyMzdiNTE2LTJkZmUtNDhkOC04MTliLTgyNGVjM2IzODM4NA==
[2025-06-16T09:35:23.380Z] [subscribe] PicfHDgqu0o_dNJ2AAAC Basic RE9OMTJJTVdXMU01MTVVMzlBOjIyMzdiNTE2LTJkZmUtNDhkOC04MTliLTgyNGVjM2IzODM4NA==
[2025-06-16T09:35:47.852Z] [UI] → broadcast message {type: 'info', code: 200, text: 'welcome', data: {'test': 2 }}

[2025-06-16T09:36:04.632Z] [UI] → broadcast message {type: 'info', code: 200, text: 'welcome'}

[2025-06-16T09:36:50.005Z] [UI] → broadcast message {type: 'info', code: 200, text: 'welcome'}
[2025-06-16T09:37:22.197Z] [UI] → broadcast message [{type: 'info', code: 200, text: 'welcome'}]
[2025-06-16T09:38:55.123Z] [UI] → broadcast message {type: 'info', code: 200, text: 'welcome'}
[2025-06-16T09:39:00.666Z] [UI] → broadcast message {type: 'info', code: 200, text: 'welcome'}
[2025-06-16T09:39:10.702Z] [UI] → broadcast message {type: 'info', code: 200, text: 'welcome'}
[2025-06-16T09:39:38.402Z] [disconnect] PicfHDgqu0o_dNJ2AAAC ping timeout
[2025-06-16T09:39:49.261Z] [connect] 7xRrKARzParXaM7aAAAD
[2025-06-16T09:45:52.780Z] [UI] → broadcast message {{type: 'info', code: 200, text: 'welcome'}
}
[2025-06-16T09:46:05.216Z] [UI] → broadcast message {type: 'info', code: 200, text: 'welcome'}

[2025-06-16T09:46:12.284Z] [UI] → broadcast message {type: 'info', code: 200, text: 'welcome'}
[2025-06-16T09:46:27.705Z] [UI] → broadcast message {type: 'info', code: 200, text: 'welcome', data: {'test': 2 }}
[2025-06-16T09:46:35.764Z] [disconnect] 7xRrKARzParXaM7aAAAD transport close
[2025-06-16T09:46:40.855Z] [connect] VVI8AvtMiQsD4VPoAAAE
[2025-06-16T09:46:40.924Z] [subscribe] VVI8AvtMiQsD4VPoAAAE Basic RE9OMTJJTVdXMU01MTVVMzlBOjIyMzdiNTE2LTJkZmUtNDhkOC04MTliLTgyNGVjM2IzODM4NA==
[2025-06-16T09:46:40.935Z] [subscribe] VVI8AvtMiQsD4VPoAAAE Basic RE9OMTJJTVdXMU01MTVVMzlBOjIyMzdiNTE2LTJkZmUtNDhkOC04MTliLTgyNGVjM2IzODM4NA==
[2025-06-16T09:46:41.444Z] [disconnect] VVI8AvtMiQsD4VPoAAAE client namespace disconnect
[2025-06-16T09:46:41.514Z] [connect] BcuddCcG93hPek9iAAAF
[2025-06-16T09:46:41.515Z] [connect] k19oTxkUdu7YkkwoAAAG
[2025-06-16T09:46:41.533Z] [subscribe] k19oTxkUdu7YkkwoAAAG Basic RE9OMTJJTVdXMU01MTVVMzlBOjIyMzdiNTE2LTJkZmUtNDhkOC04MTliLTgyNGVjM2IzODM4NA==
[2025-06-16T09:46:41.535Z] [subscribe] k19oTxkUdu7YkkwoAAAG Basic RE9OMTJJTVdXMU01MTVVMzlBOjIyMzdiNTE2LTJkZmUtNDhkOC04MTliLTgyNGVjM2IzODM4NA==
[2025-06-16T09:46:50.519Z] [UI] → broadcast message {type: 'info', code: 200, text: 'welcome', data: {'test': 2 }}
[2025-06-16T09:47:11.514Z] [disconnect] BcuddCcG93hPek9iAAAF ping timeout
[2025-06-16T09:47:31.702Z] [UI] → broadcast bonus {type: 'info', code: 200, text: 'welcome', data: {'test': 2 }}
[2025-06-16T09:47:38.678Z] [UI] → broadcast bonus_issue {type: 'info', code: 200, text: 'welcome', data: {'test': 2 }}
[2025-06-16T09:48:22.505Z] [disconnect] yd0KjLx4y1r8HKjbAAAA transport close
[2025-06-16T09:48:22.533Z] [connect] q_8e8GAE9KEqsoVFAAAH
[2025-06-16T09:48:27.624Z] [UI] → broadcast message {type: 'info', code: 200, text: 'welcome', data: null}
[2025-06-16T09:48:40.954Z] [UI] → broadcast message {type: 'info', code: 200, text: 'welcome', data: null}
[2025-06-16T09:48:45.761Z] [disconnect] k19oTxkUdu7YkkwoAAAG transport close
[2025-06-16T09:48:50.819Z] [connect] YkccfrzIg1138kKZAAAI
[2025-06-16T09:48:50.874Z] [subscribe] YkccfrzIg1138kKZAAAI Basic RE9OMTJJTVdXMU01MTVVMzlBOjIyMzdiNTE2LTJkZmUtNDhkOC04MTliLTgyNGVjM2IzODM4NA==
[2025-06-16T09:48:50.888Z] [subscribe] YkccfrzIg1138kKZAAAI Basic RE9OMTJJTVdXMU01MTVVMzlBOjIyMzdiNTE2LTJkZmUtNDhkOC04MTliLTgyNGVjM2IzODM4NA==
[2025-06-16T09:48:51.361Z] [disconnect] YkccfrzIg1138kKZAAAI client namespace disconnect
[2025-06-16T09:48:51.444Z] [connect] MlhZeEzzF9JGeZiWAAAJ
[2025-06-16T09:48:51.445Z] [connect] pvRzWQ4077t96O7bAAAK
[2025-06-16T09:48:51.514Z] [subscribe] pvRzWQ4077t96O7bAAAK Basic RE9OMTJJTVdXMU01MTVVMzlBOjIyMzdiNTE2LTJkZmUtNDhkOC04MTliLTgyNGVjM2IzODM4NA==
[2025-06-16T09:48:51.516Z] [subscribe] pvRzWQ4077t96O7bAAAK Basic RE9OMTJJTVdXMU01MTVVMzlBOjIyMzdiNTE2LTJkZmUtNDhkOC04MTliLTgyNGVjM2IzODM4NA==
[2025-06-16T09:49:01.899Z] [UI] → broadcast new_bonus 
[2025-06-16T09:49:06.228Z] [UI] → broadcast new_bonus {type: 'info', code: 200, text: 'welcome', data: null}
[2025-06-16T09:49:21.445Z] [disconnect] MlhZeEzzF9JGeZiWAAAJ ping timeout
[2025-06-16T09:49:29.071Z] Server listening on http://localhost:3000
[2025-06-16T09:49:29.212Z] [connect] qubEPvgVY_lGrZtoAAAA
[2025-06-16T09:49:31.766Z] [connect] iEczVGSQ3PbxPmxwAAAB
[2025-06-16T09:49:40.821Z] [UI] → broadcast new_bonus {type: 'info', code: 200, text: 'welcome', data: null}
[2025-06-16T09:50:23.388Z] Server listening on http://localhost:3000
[2025-06-16T09:50:23.759Z] [connect] QO_69BBfSfgaGX05AAAA
[2025-06-16T09:50:25.294Z] [connect] vHNLbnGYYrkANkV9AAAB
[2025-06-16T09:50:25.947Z] [disconnect] vHNLbnGYYrkANkV9AAAB transport close
[2025-06-16T09:50:25.963Z] [connect] NhdSHh4WpzIVbYP-AAAC
[2025-06-16T09:50:31.288Z] [UI] → broadcast message {type: 'info', code: 200, text: 'welcome', data: null}
[2025-06-16T09:50:48.571Z] [disconnect] QO_69BBfSfgaGX05AAAA transport close
[2025-06-16T09:51:44.523Z] Server listening on http://localhost:3000
[2025-06-16T09:51:45.209Z] [connect] Tb6NlhGoV7aG4YO1AAAA
[2025-06-16T09:55:42.375Z] Server listening on http://localhost:3000
[2025-06-16T09:55:45.213Z] [connect] qm_lBHYFXQk_JgZ6AAAA
